4ea174a4-5956-4427-b618-d6ba3b528ab7.jpg : [[0.08812611 0.0384963  0.87337756]] red
0c6ed8d9-ad21-4529-aadd-680c2700205b.jpg : [[0.34934488 0.02905565 0.6215995 ]] red
2fcf76a9-32f6-4165-bd96-f2f851973078.jpg : [[0.5531064  0.00351964 0.4433739 ]] yellow
0cc018a8-fe72-4d92-94ef-4ac527f2dc36.jpg : [[0.36238998 0.00229401 0.635316  ]] red
6abe00c3-03d6-4f66-b859-1ffb3cc17255.jpg : [[0.5898603  0.05991324 0.35022637]] yellow
1d5a9390-81dd-4f09-9c32-4436cb90bb95.jpg : [[0.50117654 0.4950606  0.00376284]] yellow
3d59cfbd-2f64-43ac-88a4-da86c4cb07bf.jpg : [[0.3888241  0.53434753 0.07682843]] green
0fdeb7c8-b5a7-487a-864a-bebeead644c0.jpg : [[0.04476176 0.6920214  0.2632168 ]] green
6a9548c6-9be6-4dfb-b334-61e192a8d03f.jpg : [[0.49748322 0.43285158 0.06966515]] yellow
7e5c6807-f818-49bb-9f2a-933c02257b80.jpg : [[0.71349835 0.16428782 0.12221383]] yellow
6d5d4482-55c6-4f98-b1e8-6bb2639494a0.jpg : [[0.45512742 0.30840898 0.23646364]] yellow
7d55eceb-635c-47cc-a217-14574a0a8971.jpg : [[0.7029629  0.00413456 0.2929025 ]] yellow
1a1046fb-bcf4-4d57-a15f-b269de7dd587.jpg : [[0.49986616 0.01254418 0.48758963]] yellow
1d480174-ccab-4c2a-8856-6d283b262c28.jpg : [[0.51577556 0.41435102 0.06987346]] yellow
3b30ce17-0aaf-4863-a6ec-10bbb5022a88.jpg : [[0.19529891 0.06617863 0.73852247]] red
3b3f3f10-bc87-42fe-9c34-f279aa2632de.jpg : [[0.12127288 0.015387   0.86334014]] red
8a058952-df77-4093-9546-70b999044118.jpg : [[0.60847485 0.01819842 0.3733267 ]] yellow
7d3e8c90-5abd-43f1-828e-378af2741833.jpg : [[0.37690052 0.01827842 0.6048211 ]] red
4c4cab65-0a6a-4169-8e89-f8f9dd1eef60.jpg : [[0.462759   0.46593738 0.07130363]] green
2c82b0f7-fb07-4791-9ed6-78f9c05aad5f.jpg : [[0.12784415 0.08850131 0.7836545 ]] red
1edf1e47-4610-4b63-940d-c25c3ecbe8a2.jpg : [[0.8409837  0.00648155 0.15253478]] yellow
6b5c0e8b-bc32-428d-9840-98ee2190de23.jpg : [[0.09159292 0.7133386  0.19506851]] green
6cfdbbbc-b63b-4dcf-bd16-57e06fdf51a9.jpg : [[0.4727462  0.02661235 0.5006415 ]] red
3b575eb3-8904-409e-bab1-672863cafdfd.jpg : [[0.66250753 0.1141265  0.22336602]] yellow
0d888299-2e5d-40a1-a47a-4fe1dde32eca.jpg : [[0.3950544  0.14286323 0.46208242]] red
6e7bfcde-75e5-49ff-9580-2429e6d76c5f.jpg : [[0.19115965 0.01021722 0.79862314]] red
2e95369e-03c8-4151-9158-e3da3febeabf.jpg : [[0.25304148 0.02686514 0.7200934 ]] red
5c70fc95-8d11-4255-ab89-3be6527fae78.jpg : [[0.16098946 0.70728356 0.13172695]] green
5d85a01e-208e-462c-a305-dc0882c41866.jpg : [[0.18082076 0.00199424 0.817185  ]] red
2c269acd-c0a0-4854-8956-9f85df300311.jpg : [[0.30480823 0.0564896  0.63870215]] red
1d2d9209-1a09-4f0a-b327-8bab23966be7.jpg : [[0.3827881  0.00773156 0.6094804 ]] red
3ea8de5a-073b-4670-9009-6e32ac466c32.jpg : [[0.23857768 0.00869727 0.7527251 ]] red
3a74fab1-033c-4f96-af11-12b94565114d.jpg : [[0.5715704  0.02285908 0.4055706 ]] yellow
1c10a491-c999-47b9-8e5a-0b4b64624db4.jpg : [[0.2561893 0.4635685 0.2802422]] green
8ad8f60f-ecdd-4416-88b6-dec564419d0b.jpg : [[0.545156   0.00246083 0.45238313]] yellow
2b2f0a48-f340-471f-afc8-a8e9830de426.jpg : [[0.06679081 0.04130825 0.8919009 ]] red
0b534a19-781b-4883-8005-4dce2478e772.jpg : [[0.84076834 0.10922112 0.05001058]] yellow
0bf347bb-50fe-46ce-86f4-cdd42538c495.jpg : [[0.18167078 0.78986144 0.02846783]] green
6f469b8c-303a-4999-88f1-4b0cece83966.jpg : [[0.33183226 0.6581198  0.01004795]] green
0ff73652-0fac-43c1-b475-b709c9effd33.jpg : [[0.8720227  0.05056757 0.07740981]] yellow
6e001005-6d32-47da-a101-47d0c8a13c03.jpg : [[0.11857039 0.8107282  0.07070147]] green
3a134375-f8d2-4fb9-bd8b-e76e8c1d9305.jpg : [[0.2692365  0.65210027 0.07866324]] green
0b2b43f5-cad6-41a3-80ab-baf02e9f7ff1.jpg : [[0.18417513 0.6930796  0.12274528]] green
1f9f5108-a033-439d-8883-78ac8579e08b.jpg : [[0.40879583 0.05971301 0.53149116]] red
8a769ea2-db7d-489d-81d6-cf4d3833510d.jpg : [[0.65412617 0.03687594 0.30899796]] yellow
3b083bd5-1af9-4fd8-b12e-6cca75cd77cf.jpg : [[0.32858717 0.4809951  0.19041774]] green
6eeed927-ae8c-4617-9f7e-51b5cec243fd.jpg : [[0.6777054  0.02941709 0.2928775 ]] yellow
2dbda507-73fb-4b27-b68f-c397e0f7d286.jpg : [[0.40488288 0.01337726 0.5817399 ]] red
3cc9ce5e-32b2-4433-9df4-71573445b8df.jpg : [[0.5443184  0.01454236 0.4411393 ]] yellow
1ce90251-b855-4976-bf9f-dd58f5a28e05.jpg : [[0.23406419 0.677797   0.08813875]] green
6fdcbf0b-22af-48cb-9aad-51ecb4c65fef.jpg : [[0.4239318  0.20753479 0.36853343]] yellow
3d3d3170-1075-4152-9493-f31a4bea8579.jpg : [[0.07931402 0.02563888 0.8950471 ]] red
0c3c3f67-02b9-4a7b-beb9-87600beee657.jpg : [[0.8072483  0.14055087 0.0522008 ]] yellow
7f0460ac-3136-419d-b67d-323f5af16f97.jpg : [[0.39913517 0.05389337 0.5469715 ]] red
0f3a0257-e123-48aa-ac0b-445bf7043183.jpg : [[0.04273764 0.70647615 0.25078624]] green
0bbaa6ca-9f78-4cad-8c22-b95648fb90be.jpg : [[0.35118714 0.5603388  0.08847409]] green
7cbbcd5f-567c-45ed-a806-24a9b7b25cbc.jpg : [[0.4296685  0.05532264 0.51500887]] red
4b8a9d33-2e8a-44bf-877e-3bf4f4eaa1b3.jpg : [[0.12194564 0.6017451  0.27630925]] green
3d444dce-d900-45aa-aac7-d1c6d54f6bba.jpg : [[0.25392786 0.68898714 0.05708499]] green
3b9d130d-3725-440d-867a-7e8a04603a97.jpg : [[0.91958463 0.04975268 0.03066273]] yellow
5e7aee41-a75e-4709-bee9-50c8f3c572f5.jpg : [[0.32827204 0.03931893 0.6324091 ]] red
5d6317bf-2f65-42f8-9ad5-6d0871a687c8.jpg : [[0.49120405 0.00907191 0.49972406]] red
7ffa56e8-4854-47c9-a211-b3efd3f3dddb.jpg : [[0.37646046 0.04378477 0.5797547 ]] red
7f7eb1f0-b5c9-4b34-a6ca-5cdcd6eb3e33.jpg : [[0.52362794 0.14211048 0.3342616 ]] yellow
3e817dae-e718-49d2-b9b4-7c78497d0975.jpg : [[0.10798416 0.00638602 0.88562983]] red
7e314536-ee56-4e21-88aa-93c0152e1520.jpg : [[0.53705376 0.04408429 0.418862  ]] yellow
3c7d9163-14c7-4165-bfb4-2ac17c4becd3.jpg : [[0.14646727 0.06120189 0.79233086]] red
6f5b1c08-e4b8-440c-a1f3-090a88fec733.jpg : [[0.6827819  0.07647746 0.24074073]] yellow
5cdef306-b317-41ee-a26b-2f141edddcf1.jpg : [[0.48319376 0.03383137 0.4829749 ]] yellow
4b5044c4-8a26-4ec6-a891-de3757b35532.jpg : [[0.6492755  0.30745837 0.04326616]] yellow
6b8f0934-893f-4eb6-a285-ca4be8a607f4.jpg : [[0.00469815 0.98679173 0.00851021]] green
6d0a9dd1-5ab7-482c-89fa-f10e308e76d7.jpg : [[0.7917324  0.01420416 0.1940634 ]] yellow
6d876651-aae6-49ef-8815-6babac8067a3.jpg : [[0.24233325 0.03825944 0.7194073 ]] red
0b602dec-60ad-4601-ba50-30850e9b6895.jpg : [[0.61798793 0.20182459 0.18018743]] yellow
06cda0c4-bb90-4378-847f-50087095fce5.jpg : [[0.5563944  0.02571257 0.41789305]] yellow
5b8336c2-f101-40db-8e56-0fa0911adc79.jpg : [[0.83096766 0.135995   0.03303726]] yellow
1ea45166-e65d-4982-bfd3-c2268522c634.jpg : [[0.47945857 0.03873464 0.48180684]] red
0bc8252c-d3f6-4ef4-b4aa-d9f46f28f137.jpg : [[0.7423201  0.20331562 0.05436423]] yellow
2da927bc-174d-432c-9dd3-617bd1747d9f.jpg : [[0.42619506 0.44041222 0.13339275]] green
0bda4389-2f4a-45fe-8597-c6918a6d15b5.jpg : [[0.5714254  0.01580537 0.41276926]] yellow
0c776797-c240-4fea-a26a-05b36fbc5ca1.jpg : [[0.6243855  0.35074946 0.02486502]] yellow
5c6dd36f-429a-46be-8610-13c8824b581d.jpg : [[0.19634879 0.00654168 0.7971095 ]] red
03df7425-fa62-48f7-9ae8-701c6fa849cf.jpg : [[0.22101556 0.0071625  0.7718219 ]] red
6c00fd43-e451-4468-8f0b-3d8e484ff332.jpg : [[0.0905943  0.74389654 0.16550915]] green
3f9ddc8e-cc11-4ac3-920e-8c7ada784301.jpg : [[0.34145582 0.0333385  0.6252057 ]] red
1e0adaa8-c3a8-4fa7-8482-49a296971ff7.jpg : [[0.20014918 0.09950896 0.7003419 ]] red
4e0fe3a9-4f10-48c8-b4a8-6fcc5542698a.jpg : [[0.02123709 0.03446148 0.9443014 ]] red
5af79a62-defd-4593-b058-4cdc2f4176aa.jpg : [[0.79415315 0.07668999 0.12915686]] yellow
6c73784a-bafa-476c-b43b-19d9f20e8965.jpg : [[0.21077213 0.63552284 0.15370503]] green
6a3dd9e4-65c3-4629-b900-ef8d94439f51.jpg : [[0.13557199 0.07311509 0.79131293]] red
8a1bea72-2e7f-4de3-a09e-4c6a4ed18156.jpg : [[0.4130377  0.09343981 0.49352255]] red
4f6560a6-57a8-43cf-8ca6-091658148fc1.jpg : [[0.38613826 0.00965626 0.6042055 ]] red
2ec8abdd-2f32-4c2f-a5d0-391cd6e4f172.jpg : [[0.06038636 0.8661152  0.07349841]] green
3fc15cf3-4b5b-4105-86b7-a76b5889bf2a.jpg : [[0.02060337 0.07425828 0.90513825]] red
00febbe1-a9ae-4b5f-b682-8ebfdae485a3.jpg : [[0.3412489  0.43703687 0.22171429]] green
1deaeb96-547a-458a-b7d2-9e19dedef40b.jpg : [[0.24719402 0.05550408 0.6973018 ]] red
5f11e214-37d4-4ab1-9e8f-d8df3849d7c1.jpg : [[0.45606506 0.02613209 0.51780283]] red
0c29b9fb-ba98-4c8b-a90d-10d48b53e7cd.jpg : [[0.36141917 0.01041797 0.6281629 ]] red
2dc78fbd-bc56-41ef-9959-8d2013380183.jpg : [[0.3839532  0.01991294 0.5961339 ]] red
3ab8580b-8bc2-4ebf-ace1-1af04e5e7100.jpg : [[0.42097068 0.00676094 0.5722684 ]] red
0fd3a769-ff62-436f-a9e9-3fc8145baaeb.jpg : [[0.55204535 0.06591291 0.38204175]] yellow
1f2e3563-f405-4530-ad16-7d2569d7d1f6.jpg : [[0.10506579 0.00317574 0.8917585 ]] red
4e03bed1-8ca5-4667-a339-0d782e427c6e.jpg : [[0.7815917  0.01053321 0.2078751 ]] yellow
5e87c079-5f31-4aaf-b16d-76cbf9e6fcb7.jpg : [[0.19006574 0.7908427  0.01909151]] green
7a66ed45-e1d7-45ee-9a19-89f88413da39.jpg : [[0.5057452  0.02875915 0.4654957 ]] yellow
0d126c7a-0efa-4c79-88be-62ab9fe0551a.jpg : [[0.60636306 0.01403964 0.37959725]] yellow
0cc864cb-112a-4f28-aeaf-da49c99b6a64.jpg : [[0.7326413  0.0157107  0.25164792]] yellow
5e590e27-9bfb-4d63-8f6f-9bf939fa2b11.jpg : [[0.14705297 0.0016376  0.8513094 ]] red
6da65009-f551-4c82-911f-1200af1638d5.jpg : [[0.67294765 0.22950749 0.09754494]] yellow
2f2fcecc-d118-454b-96e0-4018f584bf0a.jpg : [[0.6669934  0.13244087 0.20056584]] yellow
5ab0c6b7-074d-47c5-bd62-a482e9015768.jpg : [[0.65497065 0.1030367  0.24199261]] yellow
1bf45ec5-ff6d-4348-a95e-283e7f734da8.jpg : [[0.3895558  0.03847611 0.571968  ]] red
5e9db72d-655b-460f-bacd-dbe86f1de3df.jpg : [[0.4404445  0.01280529 0.5467503 ]] red
